{"level":"ERROR","time":"2024-09-04T07:55:15+05:30","caller":"http/server.go:2171","msg":"Error decoding request body or invalid parameters","error":"invalid character '}' looking for beginning of value","request":{"username":"","task":"","last_day":0},"time":"2024-09-04T07:55:15+05:30"}
{"level":"INFO","time":"2024-09-04T07:56:58+05:30","caller":"http/server.go:2171","msg":"Task added successfully","username":"aditya","task":"complete rest","deadline":"2024-09-05T07:56:58+05:30","time":"2024-09-04T07:56:58+05:30"}
{"level":"ERROR","time":"2024-09-04T07:57:29+05:30","caller":"http/server.go:2171","msg":"Error decoding request body or invalid parameters","error":"invalid character '}' looking for beginning of value","request":{"username":"","task":"","last_day":0},"time":"2024-09-04T07:57:29+05:30"}
{"level":"ERROR","time":"2024-09-04T07:57:57+05:30","caller":"http/server.go:2171","msg":"Error parsing request body","error":"invalid character '}' looking for beginning of value","request":{"username":"","task_no":0},"time":"2024-09-04T07:57:57+05:30"}
{"level":"ERROR","time":"2024-09-04T07:58:07+05:30","caller":"http/server.go:2171","msg":"Error parsing request body","error":"invalid character '}' looking for beginning of object key string","request":{"username":"","task_no":0},"time":"2024-09-04T07:58:07+05:30"}
{"level":"ERROR","time":"2024-09-04T07:58:15+05:30","caller":"http/server.go:2171","msg":"Error parsing request body","error":"invalid character '}' looking for beginning of object key string","request":{"username":"","task_no":0},"time":"2024-09-04T07:58:15+05:30"}
{"level":"WARN","time":"2024-09-04T07:58:21+05:30","caller":"http/server.go:2171","msg":"Invalid task number","task_no":0,"total_tasks":5,"time":"2024-09-04T07:58:21+05:30"}
{"level":"INFO","time":"2024-09-05T10:46:51+05:30","msg":"Task added successfully","username":"aditya","task":"postman","deadline":"2024-09-12T10:46:51+05:30","time":"2024-09-05T10:46:51+05:30"}
{"level":"INFO","time":"2024-09-05T10:50:08+05:30","msg":"Task added successfully","username":"aditya","task":"postman course","deadline":"2024-09-13T10:50:08+05:30","time":"2024-09-05T10:50:08+05:30"}
{"level":"WARN","time":"2024-09-05T10:50:18+05:30","msg":"Invalid task number","task_no":0,"total_tasks":7,"time":"2024-09-05T10:50:18+05:30"}
{"level":"INFO","time":"2024-09-05T10:50:50+05:30","msg":"Task deleted successfully","username":"aditya","task_no":2,"time":"2024-09-05T10:50:50+05:30"}
{"level":"WARN","time":"2024-09-05T10:51:58+05:30","msg":"User not found","username":"","time":"2024-09-05T10:51:58+05:30"}
{"level":"WARN","time":"2024-09-05T11:10:13+05:30","msg":"User not found","username":"","time":"2024-09-05T11:10:13+05:30"}
{"level":"INFO","time":"2024-09-05T11:14:02+05:30","msg":"Task deleted successfully","username":"aditya","task_no":1,"time":"2024-09-05T11:14:02+05:30"}
{"level":"WARN","time":"2024-09-05T11:14:09+05:30","msg":"Invalid task number","task_no":-1,"total_tasks":5,"time":"2024-09-05T11:14:09+05:30"}
{"level":"WARN","time":"2024-09-05T12:20:58+05:30","msg":"Invalid task number","task_no":-1,"total_tasks":5,"time":"2024-09-05T12:20:58+05:30"}
{"level":"INFO","time":"2024-09-05T12:21:07+05:30","msg":"Task deleted successfully","username":"aditya","task_no":1,"time":"2024-09-05T12:21:07+05:30"}
{"level":"INFO","time":"2024-09-05T20:52:36+05:30","msg":"Task added successfully","username":"aditya","task":"sleep","deadline":"2024-09-07T20:52:36+05:30","time":"2024-09-05T20:52:36+05:30"}
{"level":"WARN","time":"2024-09-05T20:52:48+05:30","msg":"Invalid task number","task_no":"","time":"2024-09-05T20:52:48+05:30"}
{"level":"INFO","time":"2024-09-05T20:54:46+05:30","msg":"Task deleted successfully","username":"aditya","task_no":1,"time":"2024-09-05T20:54:46+05:30"}
{"level":"INFO","time":"2024-09-05T20:55:34+05:30","msg":"Task deleted successfully","username":"aditya","task_no":1,"time":"2024-09-05T20:55:34+05:30"}
{"level":"WARN","time":"2024-09-05T20:55:43+05:30","msg":"Invalid task number","task_no":10,"total_tasks":3,"time":"2024-09-05T20:55:43+05:30"}
{"level":"WARN","time":"2024-09-05T20:55:48+05:30","msg":"Invalid task number","task-no":"","time":"2024-09-05T20:55:48+05:30"}
{"level":"WARN","time":"2024-09-05T20:55:56+05:30","msg":"Invalid task number","task-no":"","time":"2024-09-05T20:55:56+05:30"}
{"level":"INFO","time":"2024-09-05T20:56:39+05:30","msg":"Task deleted successfully","username":"aditya","task_no":1,"time":"2024-09-05T20:56:39+05:30"}
{"level":"WARN","time":"2024-09-05T20:56:42+05:30","msg":"Invalid task number","task":"","time":"2024-09-05T20:56:42+05:30"}
{"level":"INFO","time":"2024-09-05T21:13:30+05:30","msg":"Task deleted successfully","username":"aditya","task_no":1,"time":"2024-09-05T21:13:30+05:30"}
{"level":"INFO","time":"2024-09-05T21:13:31+05:30","msg":"Task deleted successfully","username":"aditya","task_no":1,"time":"2024-09-05T21:13:31+05:30"}
{"level":"WARN","time":"2024-09-05T21:13:31+05:30","msg":"Invalid task number","task_no":1,"total_tasks":0,"time":"2024-09-05T21:13:31+05:30"}
{"level":"INFO","time":"2024-09-05T21:15:51+05:30","msg":"Task added successfully","username":"aditya","task":"sleep","deadline":"2024-09-07T21:15:51+05:30","time":"2024-09-05T21:15:51+05:30"}
{"level":"INFO","time":"2024-09-05T21:18:15+05:30","msg":"Task added successfully","username":"aditya","task":"wake up","deadline":"2024-09-06T21:18:15+05:30","time":"2024-09-05T21:18:15+05:30"}
{"level":"INFO","time":"2024-09-05T21:18:43+05:30","msg":"Task deleted successfully","username":"aditya","task_no":1,"time":"2024-09-05T21:18:43+05:30"}
{"level":"WARN","time":"2024-09-05T21:19:12+05:30","msg":"User not found","username":"a","time":"2024-09-05T21:19:12+05:30"}
{"level":"INFO","time":"2024-09-05T21:23:34+05:30","msg":"Task added successfully","username":"aditya","task":"wake up","deadline":"2024-09-06T21:23:34+05:30","time":"2024-09-05T21:23:34+05:30"}
{"level":"INFO","time":"2024-09-05T21:23:41+05:30","msg":"Task added successfully","username":"aditya","task":"sleep","deadline":"2024-09-06T21:23:41+05:30","time":"2024-09-05T21:23:41+05:30"}
{"level":"INFO","time":"2024-09-05T21:23:41+05:30","msg":"Task added successfully","username":"aditya","task":"sleep","deadline":"2024-09-06T21:23:41+05:30","time":"2024-09-05T21:23:41+05:30"}
{"level":"INFO","time":"2024-09-05T21:23:41+05:30","msg":"Task added successfully","username":"aditya","task":"sleep","deadline":"2024-09-06T21:23:41+05:30","time":"2024-09-05T21:23:41+05:30"}
{"level":"INFO","time":"2024-09-05T21:23:42+05:30","msg":"Task added successfully","username":"aditya","task":"sleep","deadline":"2024-09-06T21:23:42+05:30","time":"2024-09-05T21:23:42+05:30"}
{"level":"INFO","time":"2024-09-05T21:23:42+05:30","msg":"Task added successfully","username":"aditya","task":"sleep","deadline":"2024-09-06T21:23:42+05:30","time":"2024-09-05T21:23:42+05:30"}
{"level":"INFO","time":"2024-09-05T21:23:43+05:30","msg":"Task added successfully","username":"aditya","task":"sleep","deadline":"2024-09-06T21:23:43+05:30","time":"2024-09-05T21:23:43+05:30"}
{"level":"INFO","time":"2024-09-05T21:23:43+05:30","msg":"Task added successfully","username":"aditya","task":"sleep","deadline":"2024-09-06T21:23:43+05:30","time":"2024-09-05T21:23:43+05:30"}
{"level":"WARN","time":"2024-09-05T21:23:47+05:30","msg":"User not found","username":"a","time":"2024-09-05T21:23:47+05:30"}
{"level":"WARN","time":"2024-09-05T21:24:22+05:30","msg":"Invalid limit parameter","limit":"-1","username":"aditya","time":"2024-09-05T21:24:22+05:30"}
{"level":"WARN","time":"2024-09-05T22:11:19+05:30","msg":"Invalid credentials","username":"aditya","time":"2024-09-05T22:11:19+05:30"}
{"level":"WARN","time":"2024-09-05T22:11:28+05:30","msg":"Invalid credentials","username":"aditya","time":"2024-09-05T22:11:28+05:30"}
{"level":"WARN","time":"2024-09-05T22:11:38+05:30","msg":"Invalid credentials","username":"aditya","time":"2024-09-05T22:11:38+05:30"}
{"level":"INFO","time":"2024-09-05T22:23:42+05:30","msg":"Task added successfully","username":"aditya","task":"sleep","deadline":"2024-09-06T22:23:42+05:30","time":"2024-09-05T22:23:42+05:30"}
{"level":"INFO","time":"2024-09-05T22:26:06+05:30","msg":"Task added successfully","username":"aditya","task":"sleep","deadline":"2024-09-06T22:26:06+05:30","time":"2024-09-05T22:26:06+05:30"}
{"level":"INFO","time":"2024-09-05T22:26:10+05:30","msg":"Task deleted successfully","username":"aditya","task_no":1,"time":"2024-09-05T22:26:10+05:30"}
{"level":"INFO","time":"2024-09-05T22:26:10+05:30","msg":"Task deleted successfully","username":"aditya","task_no":1,"time":"2024-09-05T22:26:10+05:30"}
{"level":"WARN","time":"2024-09-05T22:52:51+05:30","msg":"Authentication failed: Incorrect password","username":"aditya","time":"2024-09-05T22:52:51+05:30"}
{"level":"WARN","time":"2024-09-05T22:53:27+05:30","msg":"Invalid 'limit' query parameter","limit":"-1","username":"aditya","error":null,"time":"2024-09-05T22:53:27+05:30"}
{"level":"WARN","time":"2024-09-05T22:53:43+05:30","msg":"User not found in UserStore","username":"adity","time":"2024-09-05T22:53:43+05:30"}
{"level":"WARN","time":"2024-09-05T22:56:09+05:30","msg":"User not found in UserStore","username":"adity","time":"2024-09-05T22:56:09+05:30"}
{"level":"INFO","time":"2024-09-05T22:56:28+05:30","msg":"Task added successfully","username":"aditya","task":"sleep","deadline":"2024-09-06T22:56:28+05:30","time":"2024-09-05T22:56:28+05:30"}
{"level":"INFO","time":"2024-09-05T22:56:48+05:30","msg":"Task deleted successfully","username":"aditya","task_no":1,"time":"2024-09-05T22:56:48+05:30"}
{"level":"ERROR","time":"2024-09-05T23:03:37+05:30","msg":"Token parsing error","error":"signature is invalid","time":"2024-09-05T23:03:37+05:30"}
{"level":"ERROR","time":"2024-09-05T23:03:40+05:30","msg":"Token parsing error","error":"signature is invalid","time":"2024-09-05T23:03:40+05:30"}
{"level":"INFO","time":"2024-09-05T23:03:47+05:30","msg":"Task added successfully","username":"aditya","task":"wakeup","deadline":"2024-09-06T23:03:47+05:30","time":"2024-09-05T23:03:47+05:30"}
{"level":"ERROR","time":"2024-09-05T23:09:57+05:30","msg":"Token parsing error","error":"token is expired by 5m54s","time":"2024-09-05T23:09:57+05:30"}
{"level":"ERROR","time":"2024-09-05T23:11:25+05:30","msg":"Token parsing error","error":"signature is invalid","time":"2024-09-05T23:11:25+05:30"}
{"level":"ERROR","time":"2024-09-05T23:11:27+05:30","msg":"Token parsing error","error":"signature is invalid","time":"2024-09-05T23:11:27+05:30"}
{"level":"ERROR","time":"2024-09-05T23:14:35+05:30","msg":"Token parsing error","error":"token is expired by 1m45s","time":"2024-09-05T23:14:35+05:30"}
{"level":"ERROR","time":"2024-09-05T23:14:55+05:30","msg":"Token parsing error","error":"token is expired by 2m5s","time":"2024-09-05T23:14:55+05:30"}
{"level":"ERROR","time":"2024-09-05T23:15:03+05:30","msg":"Token parsing error","error":"token is expired by 2m13s","time":"2024-09-05T23:15:03+05:30"}
